0 info it worked if it ends with ok
1 verbose cli [ '/usr/local/bin/node', '/usr/local/bin/npm', 'run', 'lint-fix' ]
2 info using npm@3.8.9
3 info using node@v6.2.0
4 verbose run-script [ 'prelint-fix', 'lint-fix', 'postlint-fix' ]
5 info lifecycle pinyin@1.0.0~prelint-fix: pinyin@1.0.0
6 silly lifecycle pinyin@1.0.0~prelint-fix: no script for prelint-fix, continuing
7 info lifecycle pinyin@1.0.0~lint-fix: pinyin@1.0.0
8 verbose lifecycle pinyin@1.0.0~lint-fix: unsafe-perm in lifecycle true
9 verbose lifecycle pinyin@1.0.0~lint-fix: PATH: /usr/local/lib/node_modules/npm/bin/node-gyp-bin:/home/piero/dev/pinyin/node_modules/.bin:/usr/local/bin:~/Android/Sdk/tools:~/Android/Sdk/platform-tools:/usr/local/sbin:/usr/local/bin:/usr/sbin:/usr/bin:/sbin:/bin:/usr/games:/usr/local/games:/snap/bin
10 verbose lifecycle pinyin@1.0.0~lint-fix: CWD: /home/piero/dev/pinyin
11 silly lifecycle pinyin@1.0.0~lint-fix: Args: [ '-c',
11 silly lifecycle   'node node_modules/eslint/bin/eslint --fix --ext .js app' ]
12 silly lifecycle pinyin@1.0.0~lint-fix: Returned: code: 1  signal: null
13 info lifecycle pinyin@1.0.0~lint-fix: Failed to exec lint-fix script
14 verbose stack Error: pinyin@1.0.0 lint-fix: `node node_modules/eslint/bin/eslint --fix --ext .js app`
14 verbose stack Exit status 1
14 verbose stack     at EventEmitter.<anonymous> (/usr/local/lib/node_modules/npm/lib/utils/lifecycle.js:245:16)
14 verbose stack     at emitTwo (events.js:106:13)
14 verbose stack     at EventEmitter.emit (events.js:191:7)
14 verbose stack     at ChildProcess.<anonymous> (/usr/local/lib/node_modules/npm/lib/utils/spawn.js:24:14)
14 verbose stack     at emitTwo (events.js:106:13)
14 verbose stack     at ChildProcess.emit (events.js:191:7)
14 verbose stack     at maybeClose (internal/child_process.js:850:16)
14 verbose stack     at Process.ChildProcess._handle.onexit (internal/child_process.js:215:5)
15 verbose pkgid pinyin@1.0.0
16 verbose cwd /home/piero/dev/pinyin
17 error Linux 4.4.0-38-generic
18 error argv "/usr/local/bin/node" "/usr/local/bin/npm" "run" "lint-fix"
19 error node v6.2.0
20 error npm  v3.8.9
21 error code ELIFECYCLE
22 error pinyin@1.0.0 lint-fix: `node node_modules/eslint/bin/eslint --fix --ext .js app`
22 error Exit status 1
23 error Failed at the pinyin@1.0.0 lint-fix script 'node node_modules/eslint/bin/eslint --fix --ext .js app'.
23 error Make sure you have the latest version of node.js and npm installed.
23 error If you do, this is most likely a problem with the pinyin package,
23 error not with npm itself.
23 error Tell the author that this fails on your system:
23 error     node node_modules/eslint/bin/eslint --fix --ext .js app
23 error You can get information on how to open an issue for this project with:
23 error     npm bugs pinyin
23 error Or if that isn't available, you can get their info via:
23 error     npm owner ls pinyin
23 error There is likely additional logging output above.
24 verbose exit [ 1, true ]
